e:\documets\baigiamasis\project\debug\vc141.pdb
e:\documets\baigiamasis\project\debug\people.obj
e:\documets\baigiamasis\project\debug\paymentform.obj
e:\documets\baigiamasis\project\debug\menuform.obj
e:\documets\baigiamasis\project\debug\mainform.obj
e:\documets\baigiamasis\project\debug\main.obj
e:\documets\baigiamasis\project\debug\helpform.obj
e:\documets\baigiamasis\project\debug\glob.obj
e:\documets\baigiamasis\project\debug\festivals.obj
e:\documets\baigiamasis\project\debug\concerts.obj
e:\documets\baigiamasis\project\debug\class_body.obj
e:\documets\baigiamasis\project\debug\buyfestivalticket.obj
e:\documets\baigiamasis\project\debug\buyconcertticket.obj
e:\documets\baigiamasis\project\debug\adminform.obj
e:\documets\baigiamasis\project\debug\aboutform.obj
e:\documets\baigiamasis\project\debug\.netframework,version=v4.6.1.assemblyattributes.obj
e:\documets\baigiamasis\project\debug\.netframework,version=v4.6.1.assemblyattributes.asm
e:\documets\baigiamasis\project\debug\project.exe
e:\documets\baigiamasis\project\debug\project.pdb
e:\documets\baigiamasis\project\debug\project.tlog\metagen.write.1.tlog
e:\documets\baigiamasis\project\debug\bunifu_ui_v1.52.dll
e:\documets\baigiamasis\project\debug\project.aboutform.resources
e:\documets\baigiamasis\project\debug\project.adminform.resources
e:\documets\baigiamasis\project\debug\project.buyconcertticket.resources
e:\documets\baigiamasis\project\debug\project.buyfestivalticket.resources
e:\documets\baigiamasis\project\debug\project.concerts.resources
e:\documets\baigiamasis\project\debug\project.festivals.resources
e:\documets\baigiamasis\project\debug\project.helpform.resources
e:\documets\baigiamasis\project\debug\project.login.resources
e:\documets\baigiamasis\project\debug\project.main.resources
e:\documets\baigiamasis\project\debug\project.mainform.resources
e:\documets\baigiamasis\project\debug\project.menuform.resources
e:\documets\baigiamasis\project\debug\project.paymentform.resources
e:\documets\baigiamasis\project\debug\project.people.resources
e:\documets\baigiamasis\project\debug\project.res
e:\documets\baigiamasis\project\debug\project.vcxproj.generateresource.cache
e:\documets\baigiamasis\project\debug\project.exe.metagen
e:\documets\baigiamasis\project\debug\project.tlog\cl.command.1.tlog
e:\documets\baigiamasis\project\debug\project.tlog\cl.read.1.tlog
e:\documets\baigiamasis\project\debug\project.tlog\cl.write.1.tlog
e:\documets\baigiamasis\project\debug\project.tlog\link.command.1.tlog
e:\documets\baigiamasis\project\debug\project.tlog\link.read.1.tlog
e:\documets\baigiamasis\project\debug\project.tlog\link.write.1.tlog
e:\documets\baigiamasis\project\debug\project.tlog\metagen.read.1.tlog
e:\documets\baigiamasis\project\debug\project.tlog\project.write.1u.tlog
e:\documets\baigiamasis\project\debug\project.tlog\rc.command.1.tlog
e:\documets\baigiamasis\project\debug\project.tlog\rc.read.1.tlog
e:\documets\baigiamasis\project\debug\project.tlog\rc.write.1.tlog
e:\documets\baigiamasis\project\debug\project.tlog\bunifu_ui_v1.52.dll.metagen
e:\documets\baigiamasis\project\debug\project.tlog\tzres.dll.bi
